#
# There is insufficient memory for the Java Runtime Environment to continue.
# Native memory allocation (malloc) failed to allocate 131856 bytes for Chunk::new
# Possible reasons:
#   The system is out of physical RAM or swap space
#   In 32 bit mode, the process size limit was hit
# Possible solutions:
#   Reduce memory load on the system
#   Increase physical memory or swap space
#   Check if swap backing store is full
#   Use 64 bit Java on a 64 bit OS
#   Decrease Java heap size (-Xmx/-Xms)
#   Decrease number of Java threads
#   Decrease Java thread stack sizes (-Xss)
#   Set larger code cache with -XX:ReservedCodeCacheSize=
# This output file may be truncated or incomplete.
#
#  Out of Memory Error (allocation.cpp:390), pid=2132, tid=0x0000000000005420
#
# JRE version: Java(TM) SE Runtime Environment (8.0_161-b12) (build 1.8.0_161-b12)
# Java VM: Java HotSpot(TM) 64-Bit Server VM (25.161-b12 mixed mode windows-amd64 compressed oops)
# Failed to write core dump. Minidumps are not enabled by default on client versions of Windows
#

---------------  T H R E A D  ---------------

Current thread (0x0000000017df0000):  JavaThread "C2 CompilerThread0" daemon [_thread_in_native, id=21536, stack(0x0000000019460000,0x0000000019560000)]

Stack: [0x0000000019460000,0x0000000019560000]
[error occurred during error reporting (printing stack bounds), id 0xc0000005]

Native frames: (J=compiled Java code, j=interpreted, Vv=VM code, C=native code)


Current CompileTask:
C2:    891  868       4       java.io.WinNTFileSystem::normalize (143 bytes)


---------------  P R O C E S S  ---------------

Java Threads: ( => current thread )
  0x0000000019794800 JavaThread "Service Thread" daemon [_thread_blocked, id=19700, stack(0x0000000019b60000,0x0000000019c60000)]
  0x0000000017df9800 JavaThread "C1 CompilerThread2" daemon [_thread_blocked, id=18488, stack(0x0000000019660000,0x0000000019760000)]
  0x0000000017df3000 JavaThread "C2 CompilerThread1" daemon [_thread_in_native, id=9952, stack(0x0000000019560000,0x0000000019660000)]
=>0x0000000017df0000 JavaThread "C2 CompilerThread0" daemon [_thread_in_native, id=21536, stack(0x0000000019460000,0x0000000019560000)]
  0x0000000017dfd800 JavaThread "Attach Listener" daemon [_thread_blocked, id=25532, stack(0x0000000019360000,0x0000000019460000)]
  0x0000000017dfc800 JavaThread "Signal Dispatcher" daemon [_thread_blocked, id=24284, stack(0x0000000019260000,0x0000000019360000)]
  0x0000000017ddb000 JavaThread "Finalizer" daemon [_thread_blocked, id=14088, stack(0x0000000019040000,0x0000000019140000)]
  0x00000000031d3000 JavaThread "Reference Handler" daemon [_thread_blocked, id=9164, stack(0x0000000018f40000,0x0000000019040000)]
  0x00000000030e2800 JavaThread "main" [_thread_in_vm, id=22952, stack(0x00000000017c0000,0x00000000018c0000)]

Other Threads:
  0x0000000017db7000 VMThread [stack: 0x0000000018e40000,0x0000000018f40000] [id=6388]
  0x0000000017e10800 WatcherThread [stack: 0x0000000019c60000,0x0000000019d60000] [id=9284]

VM state:not at safepoint (normal execution)

VM Mutex/Monitor currently owned by a thread: None

Heap:
 PSYoungGen      total 38400K, used 23470K [0x00000000d5b00000, 0x00000000d8580000, 0x0000000100000000)
  eden space 33280K, 55% used [0x00000000d5b00000,0x00000000d6cf17d0,0x00000000d7b80000)
  from space 5120K, 99% used [0x00000000d7b80000,0x00000000d807a380,0x00000000d8080000)
  to   space 5120K, 0% used [0x00000000d8080000,0x00000000d8080000,0x00000000d8580000)
 ParOldGen       total 87552K, used 222K [0x0000000081000000, 0x0000000086580000, 0x00000000d5b00000)
  object space 87552K, 0% used [0x0000000081000000,0x0000000081037940,0x0000000086580000)
 Metaspace       used 9784K, capacity 9878K, committed 9984K, reserved 1058816K
  class space    used 1189K, capacity 1247K, committed 1280K, reserved 1048576K

Card table byte_map: [0x0000000012620000,0x0000000012a20000] byte_map_base: 0x0000000012218000

Marking Bits: (ParMarkBitMap*) 0x0000000052e1f860
 Begin Bits: [0x00000000130d0000, 0x0000000015090000)
 End Bits:   [0x0000000015090000, 0x0000000017050000)

Polling page: 0x0000000001360000

CodeCache: size=245760Kb used=3584Kb max_used=3584Kb free=242175Kb
 bounds [0x0000000003260000, 0x00000000035f0000, 0x0000000012260000]
 total_blobs=1197 nmethods=885 adapters=225
 compilation: enabled

Compilation events (10 events):
Event: 0.876 Thread 0x0000000017df3000  881       4       java.io.DataOutputStream::writeUTF (435 bytes)
Event: 0.877 Thread 0x0000000017df9800 nmethod 880 0x00000000035d6550 code [0x00000000035d66a0, 0x00000000035d6790]
Event: 0.877 Thread 0x0000000017df9800  878       3       java.lang.Class::forName (53 bytes)
Event: 0.877 Thread 0x0000000017df9800 nmethod 878 0x00000000035dc3d0 code [0x00000000035dc5a0, 0x00000000035dccc8]
Event: 0.877 Thread 0x0000000017df9800  879       3       sun.reflect.generics.parser.SignatureParser::parseClassTypeSignature (118 bytes)
Event: 0.879 Thread 0x0000000017df9800 nmethod 879 0x00000000035dcf90 code [0x00000000035dd340, 0x00000000035dee08]
Event: 0.879 Thread 0x0000000017df9800  882   !   3       java.util.AbstractList$Itr::next (45 bytes)
Event: 0.880 Thread 0x0000000017df9800 nmethod 882 0x00000000035dfe10 code [0x00000000035dffe0, 0x00000000035e0638]
Event: 0.888 Thread 0x0000000017df9800  884       3       java.lang.String::<init> (38 bytes)
Event: 0.888 Thread 0x0000000017df9800 nmethod 884 0x00000000035e0cd0 code [0x00000000035e0e60, 0x00000000035e11a8]

GC Heap History (2 events):
Event: 0.689 GC heap before
{Heap before GC invocations=1 (full 0):
 PSYoungGen      total 38400K, used 33280K [0x00000000d5b00000, 0x00000000d8580000, 0x0000000100000000)
  eden space 33280K, 100% used [0x00000000d5b00000,0x00000000d7b80000,0x00000000d7b80000)
  from space 5120K, 0% used [0x00000000d8080000,0x00000000d8080000,0x00000000d8580000)
  to   space 5120K, 0% used [0x00000000d7b80000,0x00000000d7b80000,0x00000000d8080000)
 ParOldGen       total 87552K, used 0K [0x0000000081000000, 0x0000000086580000, 0x00000000d5b00000)
  object space 87552K, 0% used [0x0000000081000000,0x0000000081000000,0x0000000086580000)
 Metaspace       used 8263K, capacity 8412K, committed 8576K, reserved 1056768K
  class space    used 1001K, capacity 1080K, committed 1152K, reserved 1048576K
Event: 0.694 GC heap after
Heap after GC invocations=1 (full 0):
 PSYoungGen      total 38400K, used 5096K [0x00000000d5b00000, 0x00000000d8580000, 0x0000000100000000)
  eden space 33280K, 0% used [0x00000000d5b00000,0x00000000d5b00000,0x00000000d7b80000)
  from space 5120K, 99% used [0x00000000d7b80000,0x00000000d807a380,0x00000000d8080000)
  to   space 5120K, 0% used [0x00000000d8080000,0x00000000d8080000,0x00000000d8580000)
 ParOldGen       total 87552K, used 222K [0x0000000081000000, 0x0000000086580000, 0x00000000d5b00000)
  object space 87552K, 0% used [0x0000000081000000,0x0000000081037940,0x0000000086580000)
 Metaspace       used 8263K, capacity 8412K, committed 8576K, reserved 1056768K
  class space    used 1001K, capacity 1080K, committed 1152K, reserved 1048576K
}

Deoptimization events (6 events):
Event: 0.280 Thread 0x00000000030e2800 Uncommon trap: reason=unstable_if action=reinterpret pc=0x000000000338b6c8 method=java.net.URI.match(CJJ)Z @ 19
Event: 0.386 Thread 0x00000000030e2800 Uncommon trap: reason=unstable_if action=reinterpret pc=0x00000000033eb210 method=java.lang.String.indexOf([CII[CIII)I @ 3
Event: 0.546 Thread 0x00000000030e2800 Uncommon trap: reason=unstable_if action=reinterpret pc=0x000000000340aee4 method=org.codehaus.plexus.util.xml.pull.MXParser.more()C @ 8
Event: 0.639 Thread 0x00000000030e2800 Uncommon trap: reason=unstable_if action=reinterpret pc=0x0000000003504df8 method=org.codehaus.plexus.util.xml.pull.MXParser.nextImpl()I @ 241
Event: 0.707 Thread 0x00000000030e2800 Uncommon trap: reason=range_check action=make_not_entrant pc=0x0000000003562460 method=sun.reflect.generics.parser.SignatureParser.current()C @ 34
Event: 0.832 Thread 0x00000000030e2800 Uncommon trap: reason=unstable_if action=reinterpret pc=0x000000000357c734 method=java.lang.String.lastIndexOf([CII[CIII)I @ 118

Classes redefined (0 events):
No events

Internal exceptions (10 events):
Event: 0.232 Thread 0x00000000030e2800 Exception <a 'java/security/PrivilegedActionException'> (0x00000000d5f95430) thrown at [C:\re\workspace\8-2-build-windows-amd64-cygwin\jdk8u161\10277\hotspot\src\share\vm\prims\jvm.cpp, line 1390]
Event: 0.232 Thread 0x00000000030e2800 Exception <a 'java/security/PrivilegedActionException'> (0x00000000d5f95640) thrown at [C:\re\workspace\8-2-build-windows-amd64-cygwin\jdk8u161\10277\hotspot\src\share\vm\prims\jvm.cpp, line 1390]
Event: 0.233 Thread 0x00000000030e2800 Exception <a 'java/security/PrivilegedActionException'> (0x00000000d5f99738) thrown at [C:\re\workspace\8-2-build-windows-amd64-cygwin\jdk8u161\10277\hotspot\src\share\vm\prims\jvm.cpp, line 1390]
Event: 0.233 Thread 0x00000000030e2800 Exception <a 'java/security/PrivilegedActionException'> (0x00000000d5f99948) thrown at [C:\re\workspace\8-2-build-windows-amd64-cygwin\jdk8u161\10277\hotspot\src\share\vm\prims\jvm.cpp, line 1390]
Event: 0.531 Thread 0x00000000030e2800 Exception <a 'java/lang/ArrayIndexOutOfBoundsException'> (0x00000000d6ecbb80) thrown at [C:\re\workspace\8-2-build-windows-amd64-cygwin\jdk8u161\10277\hotspot\src\share\vm\runtime\sharedRuntime.cpp, line 605]
Event: 0.533 Thread 0x00000000030e2800 Exception <a 'java/lang/ArrayIndexOutOfBoundsException'> (0x00000000d6ee9648) thrown at [C:\re\workspace\8-2-build-windows-amd64-cygwin\jdk8u161\10277\hotspot\src\share\vm\runtime\sharedRuntime.cpp, line 605]
Event: 0.538 Thread 0x00000000030e2800 Exception <a 'java/lang/ArrayIndexOutOfBoundsException'> (0x00000000d6f2dd40) thrown at [C:\re\workspace\8-2-build-windows-amd64-cygwin\jdk8u161\10277\hotspot\src\share\vm\runtime\sharedRuntime.cpp, line 605]
Event: 0.649 Thread 0x00000000030e2800 Exception <a 'java/lang/ArrayIndexOutOfBoundsException'> (0x00000000d7962f58) thrown at [C:\re\workspace\8-2-build-windows-amd64-cygwin\jdk8u161\10277\hotspot\src\share\vm\runtime\sharedRuntime.cpp, line 605]
Event: 0.650 Thread 0x00000000030e2800 Exception <a 'java/lang/ArrayIndexOutOfBoundsException'> (0x00000000d7964ae8) thrown at [C:\re\workspace\8-2-build-windows-amd64-cygwin\jdk8u161\10277\hotspot\src\share\vm\runtime\sharedRuntime.cpp, line 605]
Event: 0.708 Thread 0x00000000030e2800 Exception <a 'java/lang/ArrayIndexOutOfBoundsException': 66> (0x00000000d5c46c90) thrown at [C:\re\workspace\8-2-build-windows-amd64-cygwin\jdk8u161\10277\hotspot\src\share\vm\interpreter\interpreterRuntime.cpp, line 366]

Events (10 events):
Event: 0.887 loading class org/apache/maven/artifact/repository/ArtifactRepository
Event: 0.887 loading class org/apache/maven/artifact/repository/ArtifactRepository done
Event: 0.888 loading class org/apache/maven/artifact/repository/metadata/Metadata
Event: 0.888 loading class org/apache/maven/artifact/repository/metadata/Metadata done
Event: 0.889 loading class org/apache/maven/artifact/handler/DefaultArtifactHandler$__sisu12
Event: 0.889 loading class org/apache/maven/artifact/handler/DefaultArtifactHandler$__sisu12 done
Event: 0.889 loading class org/apache/maven/artifact/handler/DefaultArtifactHandler
Event: 0.889 loading class org/apache/maven/artifact/handler/DefaultArtifactHandler done
Event: 0.889 loading class org/apache/maven/artifact/handler/DefaultArtifactHandler
Event: 0.889 loading class org/apache/maven/artifact/handler/DefaultArtifactHandler done


Dynamic libraries:
0x00007ff7140b0000 - 0x00007ff7140e7000 	C:\Program Files\Java\jdk1.8.0_161\bin\java.exe
0x00007ffaab530000 - 0x00007ffaab727000 	C:\WINDOWS\SYSTEM32\ntdll.dll
0x00007ffa84d20000 - 0x00007ffa84d36000 	C:\Program Files\AVAST Software\Avast\aswhook.dll
0x00007ffaab430000 - 0x00007ffaab4ed000 	C:\WINDOWS\System32\KERNEL32.DLL
0x00007ffaa91e0000 - 0x00007ffaa94ad000 	C:\WINDOWS\System32\KERNELBASE.dll
0x00007ffaa9bd0000 - 0x00007ffaa9c7e000 	C:\WINDOWS\System32\ADVAPI32.dll
0x00007ffaaa4f0000 - 0x00007ffaaa58e000 	C:\WINDOWS\System32\msvcrt.dll
0x00007ffaaaa20000 - 0x00007ffaaaabc000 	C:\WINDOWS\System32\sechost.dll
0x00007ffaaa6c0000 - 0x00007ffaaa7e5000 	C:\WINDOWS\System32\RPCRT4.dll
0x00007ffaa96d0000 - 0x00007ffaa9870000 	C:\WINDOWS\System32\USER32.dll
0x00007ffaa9560000 - 0x00007ffaa9582000 	C:\WINDOWS\System32\win32u.dll
0x00007ffaab3a0000 - 0x00007ffaab3ca000 	C:\WINDOWS\System32\GDI32.dll
0x00007ffaa90d0000 - 0x00007ffaa91db000 	C:\WINDOWS\System32\gdi32full.dll
0x00007ffaa9030000 - 0x00007ffaa90cd000 	C:\WINDOWS\System32\msvcp_win.dll
0x00007ffaa8eb0000 - 0x00007ffaa8fb0000 	C:\WINDOWS\System32\ucrtbase.dll
0x00007ffa94800000 - 0x00007ffa94a9a000 	C:\WINDOWS\WinSxS\amd64_microsoft.windows.common-controls_6595b64144ccf1df_6.0.19041.1110_none_60b5254171f9507e\COMCTL32.dll
0x00007ffaaac20000 - 0x00007ffaaac50000 	C:\WINDOWS\System32\IMM32.DLL
0x0000000052520000 - 0x00000000525f2000 	C:\Program Files\Java\jdk1.8.0_161\jre\bin\msvcr100.dll
0x0000000052600000 - 0x0000000052e9f000 	C:\Program Files\Java\jdk1.8.0_161\jre\bin\server\jvm.dll
0x00007ffaaa5f0000 - 0x00007ffaaa5f8000 	C:\WINDOWS\System32\PSAPI.DLL
0x00007ffa88e80000 - 0x00007ffa88ea7000 	C:\WINDOWS\SYSTEM32\WINMM.dll
0x00007ffaa12b0000 - 0x00007ffaa12ba000 	C:\WINDOWS\SYSTEM32\VERSION.dll
0x00007ffa91020000 - 0x00007ffa91029000 	C:\WINDOWS\SYSTEM32\WSOCK32.dll
0x00007ffaaa800000 - 0x00007ffaaa86b000 	C:\WINDOWS\System32\WS2_32.dll
0x00000000524d0000 - 0x00000000524df000 	C:\Program Files\Java\jdk1.8.0_161\jre\bin\verify.dll
0x00000000524a0000 - 0x00000000524c9000 	C:\Program Files\Java\jdk1.8.0_161\jre\bin\java.dll
0x0000000052480000 - 0x0000000052496000 	C:\Program Files\Java\jdk1.8.0_161\jre\bin\zip.dll
0x00007ffaa9c80000 - 0x00007ffaaa3c4000 	C:\WINDOWS\System32\SHELL32.dll
0x00007ffaa6d10000 - 0x00007ffaa74a4000 	C:\WINDOWS\SYSTEM32\windows.storage.dll
0x00007ffaa9870000 - 0x00007ffaa9bc4000 	C:\WINDOWS\System32\combase.dll
0x00007ffaa85d0000 - 0x00007ffaa85fc000 	C:\WINDOWS\SYSTEM32\Wldp.dll
0x00007ffaab2f0000 - 0x00007ffaab39d000 	C:\WINDOWS\System32\SHCORE.dll
0x00007ffaa9670000 - 0x00007ffaa96c5000 	C:\WINDOWS\System32\shlwapi.dll
0x00007ffaa8b90000 - 0x00007ffaa8baf000 	C:\WINDOWS\SYSTEM32\profapi.dll
0x00007ffaa63a0000 - 0x00007ffaa63aa000 	C:\Users\ssanchez\Projects\apache-maven-3.6.3\lib\jansi-native\windows64\jansi.dll

VM Arguments:
jvm_args: -Dclassworlds.conf=C:\Users\ssanchez\Projects\apache-maven-3.6.3\bin\..\bin\m2.conf -Dmaven.home=C:\Users\ssanchez\Projects\apache-maven-3.6.3\bin\.. -Dlibrary.jansi.path=C:\Users\ssanchez\Projects\apache-maven-3.6.3\bin\..\lib\jansi-native -Dmaven.multiModuleProjectDirectory=C:\Users\ssanchez\Documents\trustCertificationSystemBlockchain\platform\microservices\blockchain-gateway-config-server 
java_command: org.codehaus.plexus.classworlds.launcher.Launcher -Dexec.args=-classpath %classpath com.dreamsoftware.blockchaingateway.BlockchainGatewayConfigServerApplication -Dexec.executable=C:\Program Files\Java\jdk1.8.0_161\bin\java.exe -Dexec.classpathScope=runtime -Dmaven.ext.class.path=C:\Program Files\NetBeans-11.3\netbeans\java\maven-nblib\netbeans-eventspy.jar org.codehaus.mojo:exec-maven-plugin:1.5.0:exec
java_class_path (initial): C:\Users\ssanchez\Projects\apache-maven-3.6.3\bin\..\boot\plexus-classworlds-2.6.0.jar
Launcher Type: SUN_STANDARD

Environment Variables:
JAVA_HOME=C:\Program Files\Java\jdk1.8.0_161
PATH=C:\Program Files\Common Files\Oracle\Java\javapath;C:\WINDOWS\system32;C:\WINDOWS;C:\WINDOWS\System32\Wbem;C:\WINDOWS\System32\WindowsPowerShell\v1.0\;C:\Program Files\PuTTY\;C:\Program Files\Java\jdk1.8.0_161\bin;C:\apktool;C:\Users\ssanchez\AppData\Local\Android\Sdk\platform-tools;C:\WINDOWS\System32\OpenSSH\;C:\Program Files\Git\cmd;C:\xampp\php;C:\Program Files\Docker\Docker\resources\bin;C:\ProgramData\DockerDesktop\version-bin;C:\Program Files\nodejs\;C:\Ruby26-x64\bin;C:\Users\ssanchez\AppData\Local\Microsoft\WindowsApps;C:\Users\ssanchez\AppData\Local\Programs\Microsoft VS Code\bin;C:\Users\ssanchez\AppData\Local\Programs\Python\Python37-32;C:\Users\ssanchez\AppData\Local\Programs\Python\Python37-32\Scripts;C:\flutter\bin;C:\Users\ssanchez\AppData\Roaming\Composer\vendor\bin;C:\Users\ssanchez\AppData\Roaming\npm
USERNAME=ssanchez
OS=Windows_NT
PROCESSOR_IDENTIFIER=Intel64 Family 6 Model 142 Stepping 9, GenuineIntel



---------------  S Y S T E M  ---------------

OS: Windows 10.0 , 64 bit Build 19041 (10.0.19041.1741)

CPU:total 4 (initial active 4) (2 cores per cpu, 2 threads per core) family 6 model 142 stepping 9, cmov, cx8, fxsr, mmx, sse, sse2, sse3, ssse3, sse4.1, sse4.2, popcnt, avx, avx2, aes, clmul, erms, 3dnowpref, lzcnt, ht, tsc, tscinvbit, bmi1, bmi2, adx

Memory: 4k page, physical 8317848k(485200k free), swap 20249232k(5228k free)

vm_info: Java HotSpot(TM) 64-Bit Server VM (25.161-b12) for windows-amd64 JRE (1.8.0_161-b12), built on Dec 19 2017 17:52:25 by "java_re" with MS VC++ 10.0 (VS2010)

time: Sat Jul 16 13:47:39 2022
elapsed time: 0 seconds (0d 0h 0m 0s)

